<?xml version="1.0" encoding="UTF-8"?>
<testsuite name="ChatServiceTest" tests="1" skipped="0" failures="0" errors="0" timestamp="2022-04-23T10:31:22" hostname="LAPTOP-6M3T6EG1" time="0.053">
  <properties/>
  <testcase name="getChats" classname="ChatServiceTest" time="0.053"/>
  <system-out><![CDATA[]]></system-out>
  <system-err><![CDATA[]]></system-err>
</testsuite>
